<?xml version="1.0" encoding="UTF-8"?>
<testsuite xmlns:xsi="http://www.w3.org/2001/XMLSchema-instance" xsi:noNamespaceSchemaLocation="https://maven.apache.org/surefire/maven-surefire-plugin/xsd/surefire-test-report-3.0.xsd" version="3.0" name="ClickUpAPI.testRunner.TestRunner" time="4.129" tests="1" errors="0" skipped="0" failures="0">
  <properties>
[...]
</properties>
  <testcase name="Create a new Folder, List, and Task, and delete the Task" classname="ClickUp Features tests" time="3.992">
    <system-out><![CDATA[
Scenario: Create a new Folder, List, and Task, and delete the Task &amp#27;[90m# src/test/resources/features/ClickUp.feature:3&amp#27;[0m
HTTP/1.1 200 OK
Date: Sat, 04 Nov 2023 15:16:20 GMT
Content-Type: application/json; charset=utf-8
Transfer-Encoding: chunked
Connection: keep-alive
Server: nginx
x-dns-prefetch-control: off
expect-ct: max-age=0
strict-transport-security: max-age=31536000; includeSubDomains
x-download-options: noopen
x-content-type-options: nosniff
x-permitted-cross-domain-policies: none
x-xss-protection: 0
access-control-allow-origin: *
access-control-allow-credentials: true
content-language: en-US
x-datadog-trace-id: 806983571677622678
content-security-policy: frame-ancestors 'self'
cache-control: no-cache, no-store
pragma: no-cache
expires: 0
x-ratelimit-limit: 100
x-ratelimit-remaining: 99
x-ratelimit-reset: 1699111041
Timing-Allow-Origin: *
content-encoding: gzip
x-received-from: shard-prod-eu-west-1-3

{
    "id": "90150394541",
    "name": "API Tests",
    "orderindex": 1,
    "override_statuses": false,
    "hidden": false,
    "space": {
        "id": "90150266230",
        "name": "TestSpace",
        "access": true
    },
    "task_count": "0",
    "archived": false,
    "statuses": [
        
    ],
    "lists": [
        
    ],
    "permission_level": "create"
}
  &amp#27;[32mGiven &amp#27;[0m&amp#27;[32mI create a ClickUp folder called &amp#27;[0m&amp#27;[32m&amp#27;[1m"API Tests"&amp#27;[0m               &amp#27;[90m# ClickUpAPI.stepDefinitions.ClickUpSteps.iCreateAClickUpFolderCalled(java.lang.String)&amp#27;[0m
HTTP/1.1 200 OK
Date: Sat, 04 Nov 2023 15:16:21 GMT
Content-Type: application/json; charset=utf-8
Transfer-Encoding: chunked
Connection: keep-alive
Server: nginx
x-dns-prefetch-control: off
expect-ct: max-age=0
strict-transport-security: max-age=31536000; includeSubDomains
x-download-options: noopen
x-content-type-options: nosniff
x-permitted-cross-domain-policies: none
x-xss-protection: 0
access-control-allow-origin: *
access-control-allow-credentials: true
content-language: en-US
x-datadog-trace-id: 5264367663860688940
content-security-policy: frame-ancestors 'self'
cache-control: no-cache, no-store
pragma: no-cache
expires: 0
x-ratelimit-limit: 100
x-ratelimit-remaining: 98
x-ratelimit-reset: 1699111041
Timing-Allow-Origin: *
content-encoding: gzip
x-received-from: shard-prod-eu-west-1-3

{
    "id": "901500704534",
    "name": "API List",
    "deleted": false,
    "orderindex": 0,
    "content": "",
    "priority": null,
    "assignee": null,
    "due_date": null,
    "start_date": null,
    "folder": {
        "id": "90150394541",
        "name": "API Tests",
        "hidden": false,
        "access": true
    },
    "space": {
        "id": "90150266230",
        "name": "TestSpace",
        "access": true
    },
    "inbound_address": "a.t.901500704534.u-56594429.0d4600d3-edc9-4185-8d7a-f05962d5c919@tasks.clickup.com",
    "archived": false,
    "override_statuses": false,
    "statuses": [
        {
            "id": "p90150266230_QsdOX8zZ",
            "status": "to do",
            "orderindex": 0,
            "color": "#87909e",
            "type": "open"
        },
        {
            "id": "p90150266230_S1l118bj",
            "status": "complete",
            "orderindex": 1,
            "color": "#008844",
            "type": "closed"
        }
    ],
    "permission_level": "create"
}
  &amp#27;[32mAnd &amp#27;[0m&amp#27;[32mI create a new list in the created folder&amp#27;[0m                    &amp#27;[90m# ClickUpAPI.stepDefinitions.ClickUpSteps.iCreateANewListInTheCreatedFolder()&amp#27;[0m
  &amp#27;[32mThen &amp#27;[0m&amp#27;[32mThe correct list is added to the correct folder&amp#27;[0m             &amp#27;[90m# ClickUpAPI.stepDefinitions.ClickUpSteps.theCorrectListIsAddedToTheCorrectFolder()&amp#27;[0m
HTTP/1.1 200 OK
Date: Sat, 04 Nov 2023 15:16:22 GMT
Content-Type: application/json; charset=utf-8
Transfer-Encoding: chunked
Connection: keep-alive
Server: nginx
x-dns-prefetch-control: off
expect-ct: max-age=0
strict-transport-security: max-age=31536000; includeSubDomains
x-download-options: noopen
x-content-type-options: nosniff
x-permitted-cross-domain-policies: none
x-xss-protection: 0
access-control-allow-origin: *
access-control-allow-credentials: true
content-language: en-US
x-datadog-trace-id: 2835241780565731009
content-security-policy: frame-ancestors 'self'
cache-control: no-cache, no-store
pragma: no-cache
expires: 0
x-ratelimit-limit: 100
x-ratelimit-remaining: 97
x-ratelimit-reset: 1699111041
Timing-Allow-Origin: *
content-encoding: gzip
x-received-from: shard-prod-eu-west-1-3

{
    "id": "86bwbd1aw",
    "custom_id": null,
    "name": "t7VvBIFSQY",
    "text_content": "",
    "description": "",
    "status": {
        "id": "p90150266230_QsdOX8zZ",
        "status": "to do",
        "color": "#87909e",
        "orderindex": 0,
        "type": "open"
    },
    "orderindex": "39862634.00000000000000000000000000000000",
    "date_created": "1699110982077",
    "date_updated": "1699110982077",
    "date_closed": null,
    "date_done": null,
    "archived": false,
    "creator": {
        "id": 56594429,
        "username": "Kristel Juurik",
        "color": "",
        "email": "kristel.juurik@testdevlab.com",
        "profilePicture": null
    },
    "assignees": [
        
    ],
    "watchers": [
        {
            "id": 56594429,
            "username": "Kristel Juurik",
            "color": "",
            "initials": "KJ",
            "email": "kristel.juurik@testdevlab.com",
            "profilePicture": null
        }
    ],
    "checklists": [
        
    ],
    "tags": [
        
    ],
    "parent": null,
    "priority": null,
    "due_date": null,
    "start_date": null,
    "points": null,
    "time_estimate": null,
    "time_spent": 0,
    "custom_fields": [
        
    ],
    "dependencies": [
        
    ],
    "linked_tasks": [
        
    ],
    "locations": [
        
    ],
    "team_id": "9015119560",
    "url": "https://app.clickup.com/t/86bwbd1aw",
    "sharing": {
        "public": false,
        "public_share_expires_on": null,
        "public_fields": [
            "assignees",
            "priority",
            "due_date",
            "content",
            "comments",
            "attachments",
            "customFields",
            "subtasks",
            "tags",
            "checklists",
            "coverimage"
        ],
        "token": null,
        "seo_optimized": false
    },
    "permission_level": "create",
    "list": {
        "id": "901500704534",
        "name": "API List",
        "access": true
    },
    "project": {
        "id": "90150394541",
        "name": "API Tests",
        "hidden": false,
        "access": true
    },
    "folder": {
        "id": "90150394541",
        "name": "API Tests",
        "hidden": false,
        "access": true
    },
    "space": {
        "id": "90150266230"
    }
}
  &amp#27;[32mWhen &amp#27;[0m&amp#27;[32mI create a new task in the list&amp#27;[0m                             &amp#27;[90m# ClickUpAPI.stepDefinitions.ClickUpSteps.iCreateANewTaskInTheList()&amp#27;[0m
  &amp#27;[32mThen &amp#27;[0m&amp#27;[32mThe task is created with the correct name&amp#27;[0m                   &amp#27;[90m# ClickUpAPI.stepDefinitions.ClickUpSteps.theTaskIsCreatedWithTheCorrectName()&amp#27;[0m
HTTP/1.1 204 No Content
Date: Sat, 04 Nov 2023 15:16:22 GMT
Connection: keep-alive
Server: nginx
x-dns-prefetch-control: off
expect-ct: max-age=0
strict-transport-security: max-age=31536000; includeSubDomains
x-download-options: noopen
x-content-type-options: nosniff
x-permitted-cross-domain-policies: none
x-xss-protection: 0
access-control-allow-origin: *
access-control-allow-credentials: true
content-language: en-US
x-datadog-trace-id: 1440476677511797999
content-security-policy: frame-ancestors 'self'
cache-control: no-cache, no-store
pragma: no-cache
expires: 0
x-ratelimit-limit: 100
x-ratelimit-remaining: 96
x-ratelimit-reset: 1699111041
Timing-Allow-Origin: *
x-received-from: shard-prod-eu-west-1-3
  &amp#27;[32mThen &amp#27;[0m&amp#27;[32mI remove the task from the list&amp#27;[0m                             &amp#27;[90m# ClickUpAPI.stepDefinitions.ClickUpSteps.iRemoveTheTaskFromTheList()&amp#27;[0m
HTTP/1.1 200 OK
Date: Sat, 04 Nov 2023 15:16:23 GMT
Content-Type: application/json; charset=utf-8
Content-Length: 2
Connection: keep-alive
Server: nginx
x-dns-prefetch-control: off
expect-ct: max-age=0
strict-transport-security: max-age=31536000; includeSubDomains
x-download-options: noopen
x-content-type-options: nosniff
x-permitted-cross-domain-policies: none
x-xss-protection: 0
access-control-allow-origin: *
access-control-allow-credentials: true
content-language: en-US
x-datadog-trace-id: 6504160232075608017
content-security-policy: frame-ancestors 'self'
cache-control: no-cache, no-store
pragma: no-cache
expires: 0
x-ratelimit-limit: 100
x-ratelimit-remaining: 95
x-ratelimit-reset: 1699111041
Timing-Allow-Origin: *
x-received-from: shard-prod-eu-west-1-3

{
    
}
]]></system-out>
  </testcase>
</testsuite>